::1 - - [27/Nov/2020:16:19:22 +0000] "PATCH /contacts/ HTTP/1.1" 200 172 "-" "PostmanRuntime/7.26.8"
::1 - - [27/Nov/2020:16:19:28 +0000] "GET /contacts/ HTTP/1.1" 200 2237 "-" "PostmanRuntime/7.26.8"
::1 - - [27/Nov/2020:16:20:53 +0000] "POST /contacts/ HTTP/1.1" 201 158 "-" "PostmanRuntime/7.26.8"
::1 - - [27/Nov/2020:16:21:18 +0000] "GET /contacts/5fc12765d64f2031d4826f2b HTTP/1.1" 200 158 "-" "PostmanRuntime/7.26.8"
::1 - - [27/Nov/2020:16:21:24 +0000] "DELETE /contacts/5fc12765d64f2031d4826f2b HTTP/1.1" 200 - "-" "PostmanRuntime/7.26.8"
::1 - - [21/Jan/2021:16:51:53 +0000] "GET /contacts HTTP/1.1" 200 2445 "-" "PostmanRuntime/7.26.8"
::1 - - [21/Jan/2021:17:32:58 +0000] "GET /contacts HTTP/1.1" 200 2445 "http://localhost:3000/" "Mozilla/5.0 (Windows NT 10.0; Win64; x64) AppleWebKit/537.36 (KHTML, like Gecko) Chrome/87.0.4280.141 Safari/537.36"
::1 - - [21/Jan/2021:17:33:08 +0000] "GET / HTTP/1.1" 404 139 "-" "Mozilla/5.0 (Windows NT 10.0; Win64; x64) AppleWebKit/537.36 (KHTML, like Gecko) Chrome/87.0.4280.141 Safari/537.36"
::ffff:127.0.0.1 - - [21/Jan/2021:17:33:25 +0000] "GET /contacts HTTP/1.1" 200 2445 "http://localhost:3000/" "Mozilla/5.0 (Windows NT 10.0; Win64; x64) AppleWebKit/537.36 (KHTML, like Gecko) Chrome/87.0.4280.141 Safari/537.36"
::1 - - [21/Jan/2021:17:34:45 +0000] "GET /contacts HTTP/1.1" 200 2445 "http://localhost:3000/" "Mozilla/5.0 (Windows NT 10.0; Win64; x64) AppleWebKit/537.36 (KHTML, like Gecko) Chrome/87.0.4280.141 Safari/537.36"
::1 - - [21/Jan/2021:17:35:44 +0000] "GET /contacts HTTP/1.1" 200 2445 "http://localhost:3000/" "Mozilla/5.0 (Windows NT 10.0; Win64; x64) AppleWebKit/537.36 (KHTML, like Gecko) Chrome/87.0.4280.141 Safari/537.36"
::ffff:127.0.0.1 - - [21/Jan/2021:17:40:06 +0000] "GET /contacts HTTP/1.1" 200 2445 "http://localhost:3000/" "Mozilla/5.0 (Windows NT 10.0; Win64; x64) AppleWebKit/537.36 (KHTML, like Gecko) Chrome/87.0.4280.141 Safari/537.36"
::ffff:127.0.0.1 - - [21/Jan/2021:17:47:18 +0000] "GET /contacts HTTP/1.1" 200 2445 "http://localhost:3000/" "Mozilla/5.0 (Windows NT 10.0; Win64; x64) AppleWebKit/537.36 (KHTML, like Gecko) Chrome/87.0.4280.141 Safari/537.36"
::ffff:127.0.0.1 - - [21/Jan/2021:17:47:28 +0000] "OPTIONS /contacts/undefined HTTP/1.1" 204 0 "http://localhost:3000/" "Mozilla/5.0 (Windows NT 10.0; Win64; x64) AppleWebKit/537.36 (KHTML, like Gecko) Chrome/87.0.4280.141 Safari/537.36"
::ffff:127.0.0.1 - - [21/Jan/2021:17:47:28 +0000] "DELETE /contacts/undefined HTTP/1.1" 500 593 "http://localhost:3000/" "Mozilla/5.0 (Windows NT 10.0; Win64; x64) AppleWebKit/537.36 (KHTML, like Gecko) Chrome/87.0.4280.141 Safari/537.36"
::ffff:127.0.0.1 - - [21/Jan/2021:17:47:31 +0000] "OPTIONS /contacts/undefined HTTP/1.1" 204 0 "http://localhost:3000/" "Mozilla/5.0 (Windows NT 10.0; Win64; x64) AppleWebKit/537.36 (KHTML, like Gecko) Chrome/87.0.4280.141 Safari/537.36"
::ffff:127.0.0.1 - - [21/Jan/2021:17:47:31 +0000] "DELETE /contacts/undefined HTTP/1.1" 500 593 "http://localhost:3000/" "Mozilla/5.0 (Windows NT 10.0; Win64; x64) AppleWebKit/537.36 (KHTML, like Gecko) Chrome/87.0.4280.141 Safari/537.36"
::ffff:127.0.0.1 - - [21/Jan/2021:17:48:39 +0000] "GET /contacts HTTP/1.1" 200 2445 "http://localhost:3000/" "Mozilla/5.0 (Windows NT 10.0; Win64; x64) AppleWebKit/537.36 (KHTML, like Gecko) Chrome/87.0.4280.141 Safari/537.36"
::1 - - [21/Jan/2021:17:49:37 +0000] "GET /contacts HTTP/1.1" 200 2445 "http://localhost:3000/" "Mozilla/5.0 (Windows NT 10.0; Win64; x64) AppleWebKit/537.36 (KHTML, like Gecko) Chrome/87.0.4280.141 Safari/537.36"
::ffff:127.0.0.1 - - [21/Jan/2021:17:49:49 +0000] "OPTIONS /contacts/undefined HTTP/1.1" 204 0 "http://localhost:3000/" "Mozilla/5.0 (Windows NT 10.0; Win64; x64) AppleWebKit/537.36 (KHTML, like Gecko) Chrome/87.0.4280.141 Safari/537.36"
::ffff:127.0.0.1 - - [21/Jan/2021:17:49:49 +0000] "DELETE /contacts/undefined HTTP/1.1" 500 593 "http://localhost:3000/" "Mozilla/5.0 (Windows NT 10.0; Win64; x64) AppleWebKit/537.36 (KHTML, like Gecko) Chrome/87.0.4280.141 Safari/537.36"
::1 - - [21/Jan/2021:17:52:13 +0000] "GET /contacts HTTP/1.1" 200 2445 "http://localhost:3000/" "Mozilla/5.0 (Windows NT 10.0; Win64; x64) AppleWebKit/537.36 (KHTML, like Gecko) Chrome/87.0.4280.141 Safari/537.36"
::1 - - [21/Jan/2021:17:52:19 +0000] "OPTIONS /contacts/undefined HTTP/1.1" 204 0 "http://localhost:3000/" "Mozilla/5.0 (Windows NT 10.0; Win64; x64) AppleWebKit/537.36 (KHTML, like Gecko) Chrome/87.0.4280.141 Safari/537.36"
::1 - - [21/Jan/2021:17:52:19 +0000] "DELETE /contacts/undefined HTTP/1.1" 500 593 "http://localhost:3000/" "Mozilla/5.0 (Windows NT 10.0; Win64; x64) AppleWebKit/537.36 (KHTML, like Gecko) Chrome/87.0.4280.141 Safari/537.36"
::1 - - [21/Jan/2021:17:52:51 +0000] "GET /contacts HTTP/1.1" 200 2445 "http://localhost:3000/" "Mozilla/5.0 (Windows NT 10.0; Win64; x64) AppleWebKit/537.36 (KHTML, like Gecko) Chrome/87.0.4280.141 Safari/537.36"
::1 - - [21/Jan/2021:17:53:45 +0000] "GET /contacts HTTP/1.1" 200 2445 "http://localhost:3000/" "Mozilla/5.0 (Windows NT 10.0; Win64; x64) AppleWebKit/537.36 (KHTML, like Gecko) Chrome/87.0.4280.141 Safari/537.36"
::1 - - [21/Jan/2021:17:54:07 +0000] "GET /contacts HTTP/1.1" 200 2445 "http://localhost:3000/" "Mozilla/5.0 (Windows NT 10.0; Win64; x64) AppleWebKit/537.36 (KHTML, like Gecko) Chrome/87.0.4280.141 Safari/537.36"
::1 - - [21/Jan/2021:17:54:57 +0000] "GET /contacts HTTP/1.1" 200 2445 "http://localhost:3000/" "Mozilla/5.0 (Windows NT 10.0; Win64; x64) AppleWebKit/537.36 (KHTML, like Gecko) Chrome/87.0.4280.141 Safari/537.36"
::ffff:127.0.0.1 - - [21/Jan/2021:17:55:14 +0000] "GET /contacts HTTP/1.1" 200 2445 "http://localhost:3000/" "Mozilla/5.0 (Windows NT 10.0; Win64; x64) AppleWebKit/537.36 (KHTML, like Gecko) Chrome/87.0.4280.141 Safari/537.36"
::ffff:127.0.0.1 - - [21/Jan/2021:17:56:09 +0000] "GET /contacts HTTP/1.1" 200 2445 "http://localhost:3000/" "Mozilla/5.0 (Windows NT 10.0; Win64; x64) AppleWebKit/537.36 (KHTML, like Gecko) Chrome/87.0.4280.141 Safari/537.36"
::ffff:127.0.0.1 - - [21/Jan/2021:17:56:20 +0000] "GET /contacts HTTP/1.1" 200 2445 "http://localhost:3000/" "Mozilla/5.0 (Windows NT 10.0; Win64; x64) AppleWebKit/537.36 (KHTML, like Gecko) Chrome/87.0.4280.141 Safari/537.36"
::1 - - [21/Jan/2021:18:00:12 +0000] "GET /contacts HTTP/1.1" 200 2445 "http://localhost:3000/" "Mozilla/5.0 (Windows NT 10.0; Win64; x64) AppleWebKit/537.36 (KHTML, like Gecko) Chrome/87.0.4280.141 Safari/537.36"
::1 - - [21/Jan/2021:18:00:16 +0000] "OPTIONS /contacts/5eb074232c30a1378dacdbdd HTTP/1.1" 204 0 "http://localhost:3000/" "Mozilla/5.0 (Windows NT 10.0; Win64; x64) AppleWebKit/537.36 (KHTML, like Gecko) Chrome/87.0.4280.141 Safari/537.36"
::1 - - [21/Jan/2021:18:00:16 +0000] "DELETE /contacts/5eb074232c30a1378dacdbdd HTTP/1.1" 200 - "http://localhost:3000/" "Mozilla/5.0 (Windows NT 10.0; Win64; x64) AppleWebKit/537.36 (KHTML, like Gecko) Chrome/87.0.4280.141 Safari/537.36"
::ffff:127.0.0.1 - - [21/Jan/2021:18:01:10 +0000] "OPTIONS /contacts HTTP/1.1" 204 0 "http://localhost:3000/" "Mozilla/5.0 (Windows NT 10.0; Win64; x64) AppleWebKit/537.36 (KHTML, like Gecko) Chrome/87.0.4280.141 Safari/537.36"
::ffff:127.0.0.1 - - [21/Jan/2021:18:01:10 +0000] "POST /contacts HTTP/1.1" 500 2082 "http://localhost:3000/" "Mozilla/5.0 (Windows NT 10.0; Win64; x64) AppleWebKit/537.36 (KHTML, like Gecko) Chrome/87.0.4280.141 Safari/537.36"
::1 - - [21/Jan/2021:18:04:57 +0000] "GET /contacts HTTP/1.1" 200 2283 "http://localhost:3000/" "Mozilla/5.0 (Windows NT 10.0; Win64; x64) AppleWebKit/537.36 (KHTML, like Gecko) Chrome/87.0.4280.141 Safari/537.36"
::1 - - [21/Jan/2021:18:05:05 +0000] "OPTIONS /contacts HTTP/1.1" 204 0 "http://localhost:3000/" "Mozilla/5.0 (Windows NT 10.0; Win64; x64) AppleWebKit/537.36 (KHTML, like Gecko) Chrome/87.0.4280.141 Safari/537.36"
::1 - - [21/Jan/2021:18:05:05 +0000] "POST /contacts HTTP/1.1" 201 122 "http://localhost:3000/" "Mozilla/5.0 (Windows NT 10.0; Win64; x64) AppleWebKit/537.36 (KHTML, like Gecko) Chrome/87.0.4280.141 Safari/537.36"
::ffff:127.0.0.1 - - [21/Jan/2021:18:14:45 +0000] "GET /contacts HTTP/1.1" 200 2406 "http://localhost:3000/" "Mozilla/5.0 (Windows NT 10.0; Win64; x64) AppleWebKit/537.36 (KHTML, like Gecko) Chrome/87.0.4280.141 Safari/537.36"
::ffff:127.0.0.1 - - [21/Jan/2021:18:15:10 +0000] "GET /contacts HTTP/1.1" 200 2406 "http://localhost:3000/" "Mozilla/5.0 (Windows NT 10.0; Win64; x64) AppleWebKit/537.36 (KHTML, like Gecko) Chrome/87.0.4280.141 Safari/537.36"
::1 - - [21/Jan/2021:18:15:36 +0000] "GET /contacts HTTP/1.1" 200 2406 "http://localhost:3000/" "Mozilla/5.0 (Windows NT 10.0; Win64; x64) AppleWebKit/537.36 (KHTML, like Gecko) Chrome/87.0.4280.141 Safari/537.36"
::1 - - [21/Jan/2021:18:29:22 +0000] "GET /contacts HTTP/1.1" 200 2406 "http://localhost:3000/" "Mozilla/5.0 (Windows NT 10.0; Win64; x64) AppleWebKit/537.36 (KHTML, like Gecko) Chrome/87.0.4280.141 Safari/537.36"
::ffff:127.0.0.1 - - [21/Jan/2021:18:34:52 +0000] "GET /contacts HTTP/1.1" 200 2406 "http://localhost:3000/" "Mozilla/5.0 (Windows NT 10.0; Win64; x64) AppleWebKit/537.36 (KHTML, like Gecko) Chrome/87.0.4280.141 Safari/537.36"
::ffff:127.0.0.1 - - [21/Jan/2021:19:03:59 +0000] "GET /contacts HTTP/1.1" 200 2406 "http://localhost:3000/" "Mozilla/5.0 (Windows NT 10.0; Win64; x64) AppleWebKit/537.36 (KHTML, like Gecko) Chrome/87.0.4280.141 Safari/537.36"
::ffff:127.0.0.1 - - [21/Jan/2021:19:06:17 +0000] "POST /contacts HTTP/1.1" 500 1856 "http://localhost:3000/" "Mozilla/5.0 (Windows NT 10.0; Win64; x64) AppleWebKit/537.36 (KHTML, like Gecko) Chrome/87.0.4280.141 Safari/537.36"
::1 - - [21/Jan/2021:19:07:42 +0000] "GET /contacts HTTP/1.1" 200 2406 "http://localhost:3000/" "Mozilla/5.0 (Windows NT 10.0; Win64; x64) AppleWebKit/537.36 (KHTML, like Gecko) Chrome/87.0.4280.141 Safari/537.36"
::ffff:127.0.0.1 - - [21/Jan/2021:19:07:58 +0000] "OPTIONS /contacts HTTP/1.1" 204 0 "http://localhost:3000/" "Mozilla/5.0 (Windows NT 10.0; Win64; x64) AppleWebKit/537.36 (KHTML, like Gecko) Chrome/87.0.4280.141 Safari/537.36"
::ffff:127.0.0.1 - - [21/Jan/2021:19:07:58 +0000] "POST /contacts HTTP/1.1" 500 1856 "http://localhost:3000/" "Mozilla/5.0 (Windows NT 10.0; Win64; x64) AppleWebKit/537.36 (KHTML, like Gecko) Chrome/87.0.4280.141 Safari/537.36"
::ffff:127.0.0.1 - - [21/Jan/2021:19:07:58 +0000] "OPTIONS /contacts HTTP/1.1" 204 0 "http://localhost:3000/" "Mozilla/5.0 (Windows NT 10.0; Win64; x64) AppleWebKit/537.36 (KHTML, like Gecko) Chrome/87.0.4280.141 Safari/537.36"
::ffff:127.0.0.1 - - [21/Jan/2021:19:07:58 +0000] "POST /contacts HTTP/1.1" 500 1856 "http://localhost:3000/" "Mozilla/5.0 (Windows NT 10.0; Win64; x64) AppleWebKit/537.36 (KHTML, like Gecko) Chrome/87.0.4280.141 Safari/537.36"
::1 - - [21/Jan/2021:19:10:36 +0000] "GET /contacts HTTP/1.1" 200 2406 "http://localhost:3000/" "Mozilla/5.0 (Windows NT 10.0; Win64; x64) AppleWebKit/537.36 (KHTML, like Gecko) Chrome/87.0.4280.141 Safari/537.36"
::1 - - [21/Jan/2021:19:10:47 +0000] "OPTIONS /contacts HTTP/1.1" 204 0 "http://localhost:3000/" "Mozilla/5.0 (Windows NT 10.0; Win64; x64) AppleWebKit/537.36 (KHTML, like Gecko) Chrome/87.0.4280.141 Safari/537.36"
::1 - - [21/Jan/2021:19:10:47 +0000] "POST /contacts HTTP/1.1" 500 1856 "http://localhost:3000/" "Mozilla/5.0 (Windows NT 10.0; Win64; x64) AppleWebKit/537.36 (KHTML, like Gecko) Chrome/87.0.4280.141 Safari/537.36"
::1 - - [21/Jan/2021:19:11:53 +0000] "GET /contacts HTTP/1.1" 304 - "http://localhost:3000/" "Mozilla/5.0 (Windows NT 10.0; Win64; x64) AppleWebKit/537.36 (KHTML, like Gecko) Chrome/87.0.4280.141 Safari/537.36"
::1 - - [21/Jan/2021:19:12:12 +0000] "GET /contacts HTTP/1.1" 200 2406 "http://localhost:3000/" "Mozilla/5.0 (Windows NT 10.0; Win64; x64) AppleWebKit/537.36 (KHTML, like Gecko) Chrome/87.0.4280.141 Safari/537.36"
::1 - - [21/Jan/2021:19:12:25 +0000] "OPTIONS /contacts HTTP/1.1" 204 0 "http://localhost:3000/" "Mozilla/5.0 (Windows NT 10.0; Win64; x64) AppleWebKit/537.36 (KHTML, like Gecko) Chrome/87.0.4280.141 Safari/537.36"
::1 - - [21/Jan/2021:19:12:25 +0000] "POST /contacts HTTP/1.1" 500 1856 "http://localhost:3000/" "Mozilla/5.0 (Windows NT 10.0; Win64; x64) AppleWebKit/537.36 (KHTML, like Gecko) Chrome/87.0.4280.141 Safari/537.36"
::1 - - [21/Jan/2021:19:14:34 +0000] "GET /contacts HTTP/1.1" 200 2406 "http://localhost:3000/" "Mozilla/5.0 (Windows NT 10.0; Win64; x64) AppleWebKit/537.36 (KHTML, like Gecko) Chrome/87.0.4280.141 Safari/537.36"
::1 - - [21/Jan/2021:19:14:43 +0000] "OPTIONS /contacts HTTP/1.1" 204 0 "http://localhost:3000/" "Mozilla/5.0 (Windows NT 10.0; Win64; x64) AppleWebKit/537.36 (KHTML, like Gecko) Chrome/87.0.4280.141 Safari/537.36"
::1 - - [21/Jan/2021:19:14:43 +0000] "POST /contacts HTTP/1.1" 500 1856 "http://localhost:3000/" "Mozilla/5.0 (Windows NT 10.0; Win64; x64) AppleWebKit/537.36 (KHTML, like Gecko) Chrome/87.0.4280.141 Safari/537.36"
::1 - - [21/Jan/2021:19:18:23 +0000] "GET /contacts HTTP/1.1" 200 2406 "http://localhost:3000/" "Mozilla/5.0 (Windows NT 10.0; Win64; x64) AppleWebKit/537.36 (KHTML, like Gecko) Chrome/87.0.4280.141 Safari/537.36"
::1 - - [21/Jan/2021:19:18:42 +0000] "OPTIONS /contacts HTTP/1.1" 204 0 "http://localhost:3000/" "Mozilla/5.0 (Windows NT 10.0; Win64; x64) AppleWebKit/537.36 (KHTML, like Gecko) Chrome/87.0.4280.141 Safari/537.36"
::1 - - [21/Jan/2021:19:18:42 +0000] "POST /contacts HTTP/1.1" 500 1856 "http://localhost:3000/" "Mozilla/5.0 (Windows NT 10.0; Win64; x64) AppleWebKit/537.36 (KHTML, like Gecko) Chrome/87.0.4280.141 Safari/537.36"
::1 - - [21/Jan/2021:19:20:49 +0000] "GET /contacts HTTP/1.1" 200 2406 "http://localhost:3000/" "Mozilla/5.0 (Windows NT 10.0; Win64; x64) AppleWebKit/537.36 (KHTML, like Gecko) Chrome/87.0.4280.141 Safari/537.36"
::1 - - [21/Jan/2021:19:20:56 +0000] "OPTIONS /contacts HTTP/1.1" 204 0 "http://localhost:3000/" "Mozilla/5.0 (Windows NT 10.0; Win64; x64) AppleWebKit/537.36 (KHTML, like Gecko) Chrome/87.0.4280.141 Safari/537.36"
::1 - - [21/Jan/2021:19:20:56 +0000] "POST /contacts HTTP/1.1" 500 1856 "http://localhost:3000/" "Mozilla/5.0 (Windows NT 10.0; Win64; x64) AppleWebKit/537.36 (KHTML, like Gecko) Chrome/87.0.4280.141 Safari/537.36"
::1 - - [21/Jan/2021:19:24:12 +0000] "GET /contacts HTTP/1.1" 200 2373 "http://localhost:3000/" "Mozilla/5.0 (Windows NT 10.0; Win64; x64) AppleWebKit/537.36 (KHTML, like Gecko) Chrome/87.0.4280.141 Safari/537.36"
::1 - - [21/Jan/2021:19:24:16 +0000] "OPTIONS /contacts/6009c2515a866948f8f214e1 HTTP/1.1" 204 0 "http://localhost:3000/" "Mozilla/5.0 (Windows NT 10.0; Win64; x64) AppleWebKit/537.36 (KHTML, like Gecko) Chrome/87.0.4280.141 Safari/537.36"
::1 - - [21/Jan/2021:19:24:16 +0000] "DELETE /contacts/6009c2515a866948f8f214e1 HTTP/1.1" 200 - "http://localhost:3000/" "Mozilla/5.0 (Windows NT 10.0; Win64; x64) AppleWebKit/537.36 (KHTML, like Gecko) Chrome/87.0.4280.141 Safari/537.36"
::1 - - [21/Jan/2021:19:24:27 +0000] "OPTIONS /contacts HTTP/1.1" 204 0 "http://localhost:3000/" "Mozilla/5.0 (Windows NT 10.0; Win64; x64) AppleWebKit/537.36 (KHTML, like Gecko) Chrome/87.0.4280.141 Safari/537.36"
::1 - - [21/Jan/2021:19:24:27 +0000] "POST /contacts HTTP/1.1" 201 73 "http://localhost:3000/" "Mozilla/5.0 (Windows NT 10.0; Win64; x64) AppleWebKit/537.36 (KHTML, like Gecko) Chrome/87.0.4280.141 Safari/537.36"
::1 - - [21/Jan/2021:19:24:41 +0000] "OPTIONS /contacts HTTP/1.1" 204 0 "http://localhost:3000/" "Mozilla/5.0 (Windows NT 10.0; Win64; x64) AppleWebKit/537.36 (KHTML, like Gecko) Chrome/87.0.4280.141 Safari/537.36"
::1 - - [21/Jan/2021:19:24:41 +0000] "POST /contacts HTTP/1.1" 500 1856 "http://localhost:3000/" "Mozilla/5.0 (Windows NT 10.0; Win64; x64) AppleWebKit/537.36 (KHTML, like Gecko) Chrome/87.0.4280.141 Safari/537.36"
::1 - - [21/Jan/2021:19:56:16 +0000] "GET /contacts HTTP/1.1" 200 2324 "http://localhost:3000/" "Mozilla/5.0 (Windows NT 10.0; Win64; x64) AppleWebKit/537.36 (KHTML, like Gecko) Chrome/87.0.4280.141 Safari/537.36"
::1 - - [21/Jan/2021:19:56:25 +0000] "OPTIONS /contacts HTTP/1.1" 204 0 "http://localhost:3000/" "Mozilla/5.0 (Windows NT 10.0; Win64; x64) AppleWebKit/537.36 (KHTML, like Gecko) Chrome/87.0.4280.141 Safari/537.36"
::1 - - [21/Jan/2021:19:56:25 +0000] "POST /contacts HTTP/1.1" 500 1856 "http://localhost:3000/" "Mozilla/5.0 (Windows NT 10.0; Win64; x64) AppleWebKit/537.36 (KHTML, like Gecko) Chrome/87.0.4280.141 Safari/537.36"
::1 - - [21/Jan/2021:19:56:52 +0000] "OPTIONS /contacts HTTP/1.1" 204 0 "http://localhost:3000/" "Mozilla/5.0 (Windows NT 10.0; Win64; x64) AppleWebKit/537.36 (KHTML, like Gecko) Chrome/87.0.4280.141 Safari/537.36"
::1 - - [21/Jan/2021:19:56:52 +0000] "POST /contacts HTTP/1.1" 500 1856 "http://localhost:3000/" "Mozilla/5.0 (Windows NT 10.0; Win64; x64) AppleWebKit/537.36 (KHTML, like Gecko) Chrome/87.0.4280.141 Safari/537.36"
::1 - - [21/Jan/2021:19:59:54 +0000] "POST /contacts HTTP/1.1" 500 1856 "-" "PostmanRuntime/7.26.8"
::1 - - [21/Jan/2021:20:02:54 +0000] "POST /contacts HTTP/1.1" 500 1856 "-" "PostmanRuntime/7.26.8"
::1 - - [21/Jan/2021:20:06:23 +0000] "POST /contacts HTTP/1.1" 201 66 "-" "PostmanRuntime/7.26.8"
::1 - - [21/Jan/2021:20:07:31 +0000] "POST /contacts HTTP/1.1" 500 1856 "-" "PostmanRuntime/7.26.8"
::1 - - [21/Jan/2021:20:17:09 +0000] "POST /contacts HTTP/1.1" 500 2082 "-" "PostmanRuntime/7.26.8"
::1 - - [21/Jan/2021:20:18:29 +0000] "POST /contacts HTTP/1.1" 500 2082 "-" "PostmanRuntime/7.26.8"
::1 - - [21/Jan/2021:20:19:43 +0000] "POST /contacts HTTP/1.1" 500 1856 "-" "PostmanRuntime/7.26.8"
::1 - - [21/Jan/2021:20:23:44 +0000] "POST /contacts HTTP/1.1" 201 66 "-" "PostmanRuntime/7.26.8"
::1 - - [21/Jan/2021:20:23:58 +0000] "POST /contacts HTTP/1.1" 500 1856 "-" "PostmanRuntime/7.26.8"
::1 - - [21/Jan/2021:20:26:25 +0000] "POST /contacts HTTP/1.1" 500 1856 "-" "PostmanRuntime/7.26.8"
::1 - - [21/Jan/2021:20:27:35 +0000] "POST /contacts HTTP/1.1" 500 2082 "-" "PostmanRuntime/7.26.8"
::1 - - [21/Jan/2021:20:28:45 +0000] "POST /contacts HTTP/1.1" 500 2082 "-" "PostmanRuntime/7.26.8"
::1 - - [21/Jan/2021:20:31:05 +0000] "POST /contacts HTTP/1.1" 201 85 "-" "PostmanRuntime/7.26.8"
::1 - - [21/Jan/2021:20:31:31 +0000] "POST /contacts HTTP/1.1" 201 87 "-" "PostmanRuntime/7.26.8"
::1 - - [21/Jan/2021:20:31:38 +0000] "POST /contacts HTTP/1.1" 500 1871 "-" "PostmanRuntime/7.26.8"
::1 - - [21/Jan/2021:20:31:54 +0000] "POST /contacts HTTP/1.1" 201 67 "-" "PostmanRuntime/7.26.8"
::1 - - [21/Jan/2021:20:33:44 +0000] "GET /contacts HTTP/1.1" 200 2424 "http://localhost:3000/" "Mozilla/5.0 (Windows NT 10.0; Win64; x64) AppleWebKit/537.36 (KHTML, like Gecko) Chrome/87.0.4280.141 Safari/537.36"
::1 - - [21/Jan/2021:20:34:08 +0000] "OPTIONS /contacts HTTP/1.1" 204 0 "http://localhost:3000/" "Mozilla/5.0 (Windows NT 10.0; Win64; x64) AppleWebKit/537.36 (KHTML, like Gecko) Chrome/87.0.4280.141 Safari/537.36"
::1 - - [21/Jan/2021:20:34:08 +0000] "POST /contacts HTTP/1.1" 201 75 "http://localhost:3000/" "Mozilla/5.0 (Windows NT 10.0; Win64; x64) AppleWebKit/537.36 (KHTML, like Gecko) Chrome/87.0.4280.141 Safari/537.36"
::1 - - [21/Jan/2021:20:34:27 +0000] "OPTIONS /contacts HTTP/1.1" 204 0 "http://localhost:3000/" "Mozilla/5.0 (Windows NT 10.0; Win64; x64) AppleWebKit/537.36 (KHTML, like Gecko) Chrome/87.0.4280.141 Safari/537.36"
::1 - - [21/Jan/2021:20:34:27 +0000] "POST /contacts HTTP/1.1" 500 1856 "http://localhost:3000/" "Mozilla/5.0 (Windows NT 10.0; Win64; x64) AppleWebKit/537.36 (KHTML, like Gecko) Chrome/87.0.4280.141 Safari/537.36"
::1 - - [21/Jan/2021:20:36:16 +0000] "POST /contacts HTTP/1.1" 500 1856 "-" "PostmanRuntime/7.26.8"
::1 - - [21/Jan/2021:20:40:00 +0000] "GET /contact HTTP/1.1" 404 146 "http://localhost:3000/" "Mozilla/5.0 (Windows NT 10.0; Win64; x64) AppleWebKit/537.36 (KHTML, like Gecko) Chrome/87.0.4280.141 Safari/537.36"
::1 - - [21/Jan/2021:20:41:53 +0000] "GET /contact HTTP/1.1" 404 146 "http://localhost:3000/" "Mozilla/5.0 (Windows NT 10.0; Win64; x64) AppleWebKit/537.36 (KHTML, like Gecko) Chrome/87.0.4280.141 Safari/537.36"
::1 - - [21/Jan/2021:20:43:13 +0000] "GET /contact HTTP/1.1" 200 2500 "http://localhost:3000/" "Mozilla/5.0 (Windows NT 10.0; Win64; x64) AppleWebKit/537.36 (KHTML, like Gecko) Chrome/87.0.4280.141 Safari/537.36"
::1 - - [21/Jan/2021:20:43:55 +0000] "POST /contact HTTP/1.1" 500 1856 "-" "PostmanRuntime/7.26.8"
::1 - - [21/Jan/2021:20:44:21 +0000] "GET /contact HTTP/1.1" 200 2500 "-" "PostmanRuntime/7.26.8"
::1 - - [21/Jan/2021:20:46:23 +0000] "GET /phonebook HTTP/1.1" 200 2500 "-" "PostmanRuntime/7.26.8"
::1 - - [21/Jan/2021:20:47:02 +0000] "GET /phonebook HTTP/1.1" 200 2500 "-" "PostmanRuntime/7.26.8"
::1 - - [21/Jan/2021:20:47:09 +0000] "POST /phonebook HTTP/1.1" 500 1856 "-" "PostmanRuntime/7.26.8"
::1 - - [21/Jan/2021:20:50:41 +0000] "POST /phonebook HTTP/1.1" 500 1856 "-" "PostmanRuntime/7.26.8"
::1 - - [21/Jan/2021:20:51:29 +0000] "GET /phonebook HTTP/1.1" 200 2500 "-" "PostmanRuntime/7.26.8"
::1 - - [21/Jan/2021:20:53:20 +0000] "GET /phonebook HTTP/1.1" 200 2 "-" "PostmanRuntime/7.26.8"
::1 - - [21/Jan/2021:20:53:25 +0000] "POST /phonebook HTTP/1.1" 201 67 "-" "PostmanRuntime/7.26.8"
::1 - - [21/Jan/2021:20:53:42 +0000] "POST /phonebook HTTP/1.1" 201 67 "-" "PostmanRuntime/7.26.8"
::1 - - [21/Jan/2021:20:54:01 +0000] "POST /phonebook HTTP/1.1" 201 67 "-" "PostmanRuntime/7.26.8"
::1 - - [21/Jan/2021:20:54:13 +0000] "POST /phonebook HTTP/1.1" 201 66 "-" "PostmanRuntime/7.26.8"
::1 - - [21/Jan/2021:20:54:27 +0000] "POST /phonebook HTTP/1.1" 201 65 "-" "PostmanRuntime/7.26.8"
::1 - - [21/Jan/2021:20:54:58 +0000] "GET /phonebook HTTP/1.1" 200 338 "http://localhost:3000/" "Mozilla/5.0 (Windows NT 10.0; Win64; x64) AppleWebKit/537.36 (KHTML, like Gecko) Chrome/87.0.4280.141 Safari/537.36"
::1 - - [21/Jan/2021:20:55:05 +0000] "OPTIONS /phonebook/6009e9e9ec9459118ced414b HTTP/1.1" 204 0 "http://localhost:3000/" "Mozilla/5.0 (Windows NT 10.0; Win64; x64) AppleWebKit/537.36 (KHTML, like Gecko) Chrome/87.0.4280.141 Safari/537.36"
::1 - - [21/Jan/2021:20:55:05 +0000] "DELETE /phonebook/6009e9e9ec9459118ced414b HTTP/1.1" 200 - "http://localhost:3000/" "Mozilla/5.0 (Windows NT 10.0; Win64; x64) AppleWebKit/537.36 (KHTML, like Gecko) Chrome/87.0.4280.141 Safari/537.36"
::1 - - [21/Jan/2021:20:55:14 +0000] "OPTIONS /phonebook HTTP/1.1" 204 0 "http://localhost:3000/" "Mozilla/5.0 (Windows NT 10.0; Win64; x64) AppleWebKit/537.36 (KHTML, like Gecko) Chrome/87.0.4280.141 Safari/537.36"
::1 - - [21/Jan/2021:20:55:14 +0000] "POST /phonebook HTTP/1.1" 201 74 "http://localhost:3000/" "Mozilla/5.0 (Windows NT 10.0; Win64; x64) AppleWebKit/537.36 (KHTML, like Gecko) Chrome/87.0.4280.141 Safari/537.36"
::1 - - [21/Jan/2021:20:55:32 +0000] "OPTIONS /phonebook HTTP/1.1" 204 0 "http://localhost:3000/" "Mozilla/5.0 (Windows NT 10.0; Win64; x64) AppleWebKit/537.36 (KHTML, like Gecko) Chrome/87.0.4280.141 Safari/537.36"
::1 - - [21/Jan/2021:20:55:32 +0000] "POST /phonebook HTTP/1.1" 201 73 "http://localhost:3000/" "Mozilla/5.0 (Windows NT 10.0; Win64; x64) AppleWebKit/537.36 (KHTML, like Gecko) Chrome/87.0.4280.141 Safari/537.36"
::1 - - [21/Jan/2021:20:56:03 +0000] "OPTIONS /phonebook HTTP/1.1" 204 0 "http://localhost:3000/" "Mozilla/5.0 (Windows NT 10.0; Win64; x64) AppleWebKit/537.36 (KHTML, like Gecko) Chrome/87.0.4280.141 Safari/537.36"
::1 - - [21/Jan/2021:20:56:03 +0000] "POST /phonebook HTTP/1.1" 201 70 "http://localhost:3000/" "Mozilla/5.0 (Windows NT 10.0; Win64; x64) AppleWebKit/537.36 (KHTML, like Gecko) Chrome/87.0.4280.141 Safari/537.36"
::1 - - [21/Jan/2021:20:56:41 +0000] "OPTIONS /phonebook HTTP/1.1" 204 0 "http://localhost:3000/" "Mozilla/5.0 (Windows NT 10.0; Win64; x64) AppleWebKit/537.36 (KHTML, like Gecko) Chrome/87.0.4280.141 Safari/537.36"
::1 - - [21/Jan/2021:20:56:41 +0000] "POST /phonebook HTTP/1.1" 201 75 "http://localhost:3000/" "Mozilla/5.0 (Windows NT 10.0; Win64; x64) AppleWebKit/537.36 (KHTML, like Gecko) Chrome/87.0.4280.141 Safari/537.36"
